#
# There is insufficient memory for the Java Runtime Environment to continue.
# Native memory allocation (mmap) failed to map 130023424 bytes for G1 virtual space
# Possible reasons:
#   The system is out of physical RAM or swap space
#   The process is running with CompressedOops enabled, and the Java Heap may be blocking the growth of the native heap
# Possible solutions:
#   Reduce memory load on the system
#   Increase physical memory or swap space
#   Check if swap backing store is full
#   Decrease Java heap size (-Xmx/-Xms)
#   Decrease number of Java threads
#   Decrease Java thread stack sizes (-Xss)
#   Set larger code cache with -XX:ReservedCodeCacheSize=
#   JVM is running with Unscaled Compressed Oops mode in which the Java heap is
#     placed in the first 4GB address space. The Java Heap base address is the
#     maximum limit for the native heap growth. Please use -XX:HeapBaseMinAddress
#     to set the Java Heap base and to place the Java Heap above 4GB virtual address.
# This output file may be truncated or incomplete.
#
#  Out of Memory Error (os_windows.cpp:3600), pid=21084, tid=19200
#
# JRE version:  (21.0+35) (build )
# Java VM: Java HotSpot(TM) 64-Bit Server VM (21+35-LTS-2513, mixed mode, sharing, tiered, compressed oops, compressed class ptrs, g1 gc, windows-amd64)
# No core dump will be written. Minidumps are not enabled by default on client versions of Windows
#

---------------  S U M M A R Y ------------

Command Line: -Dfile.encoding=UTF-8 -Dstdout.encoding=UTF-8 -Dstderr.encoding=UTF-8 -XX:+ShowCodeDetailsInExceptionMessages bankManagementSystem.Transactions

Host: 12th Gen Intel(R) Core(TM) i5-1240P, 16 cores, 7G,  Windows 11 , 64 bit Build 22621 (10.0.22621.3958)
Time: Sun Aug 18 21:52:00 2024 India Standard Time elapsed time: 0.030438 seconds (0d 0h 0m 0s)

---------------  T H R E A D  ---------------

Current thread (0x000001c24954aca0):  JavaThread "Unknown thread" [_thread_in_vm, id=19200, stack(0x000000b6abc00000,0x000000b6abd00000) (1024K)]

Stack: [0x000000b6abc00000,0x000000b6abd00000]
Native frames: (J=compiled Java code, j=interpreted, Vv=VM code, C=native code)
V  [jvm.dll+0x6c8d39]
V  [jvm.dll+0x854091]
V  [jvm.dll+0x85630e]
V  [jvm.dll+0x8569e3]
V  [jvm.dll+0x2809a6]
V  [jvm.dll+0x6c5425]
V  [jvm.dll+0x6b9e1a]
V  [jvm.dll+0x3555ba]
V  [jvm.dll+0x35d206]
V  [jvm.dll+0x3adf6e]
V  [jvm.dll+0x3ae218]
V  [jvm.dll+0x328fcc]
V  [jvm.dll+0x329b5b]
V  [jvm.dll+0x81c699]
V  [jvm.dll+0x3bb2a1]
V  [jvm.dll+0x805688]
V  [jvm.dll+0x44ed9e]
V  [jvm.dll+0x4506a1]
C  [jli.dll+0x52a3]
C  [ucrtbase.dll+0x29333]
C  [KERNEL32.DLL+0x1257d]
C  [ntdll.dll+0x5af28]


---------------  P R O C E S S  ---------------

Threads class SMR info:
_java_thread_list=0x00007ff90a967b48, length=0, elements={
}

Java Threads: ( => current thread )
Total: 0

Other Threads:
  0x000001c24b8298c0 WorkerThread "GC Thread#0"                     [id=18776, stack(0x000000b6abd00000,0x000000b6abe00000) (1024K)]
  0x000001c24b83a830 ConcurrentGCThread "G1 Main Marker"            [id=24012, stack(0x000000b6abe00000,0x000000b6abf00000) (1024K)]
  0x000001c24b83b330 WorkerThread "G1 Conc#0"                       [id=17204, stack(0x000000b6abf00000,0x000000b6ac000000) (1024K)]

[error occurred during error reporting (printing all threads), id 0xc0000005, EXCEPTION_ACCESS_VIOLATION (0xc0000005) at pc=0x00007ff90a0dc097]
VM state: not at safepoint (not fully initialized)

VM Mutex/Monitor currently owned by a thread:  ([mutex/lock_event])
[0x00007ff90a9d8648] Heap_lock - owner thread: 0x000001c24954aca0

Heap address: 0x0000000084800000, size: 1976 MB, Compressed Oops mode: 32-bit

CDS archive(s) mapped at: [0x0000000000000000-0x0000000000000000-0x0000000000000000), size 0, SharedBaseAddress: 0x0000000800000000, ArchiveRelocationMode: 1.
Narrow klass base: 0x0000000000000000, Narrow klass shift: 0, Narrow klass range: 0x0

GC Precious Log:
 CardTable entry size: 512
 Card Set container configuration: InlinePtr #cards 5 size 8 Array Of Cards #cards 12 size 40 Howl #buckets 4 coarsen threshold 1843 Howl Bitmap #cards 512 size 80 coarsen threshold 460 Card regions per heap region 1 cards per card region 2048

Heap:
 garbage-first heap   total 0K, used 0K [0x0000000084800000, 0x0000000100000000)
  region size 1024K, 0 young (0K), 0 survivors (0K)

[error occurred during error reporting (printing heap information), id 0xc0000005, EXCEPTION_ACCESS_VIOLATION (0xc0000005) at pc=0x00007ff90a4c1939]
GC Heap History (0 events):
No events

Dll operation events (1 events):
Event: 0.016 Loaded shared library C:\Program Files\Java\jdk-21\bin\java.dll

Deoptimization events (0 events):
No events

Classes loaded (0 events):
No events

Classes unloaded (0 events):
No events

Classes redefined (0 events):
No events

Internal exceptions (0 events):
No events

ZGC Phase Switch (0 events):
No events

VM Operations (0 events):
No events

Events (0 events):
No events


Dynamic libraries:
0x00007ff7aeba0000 - 0x00007ff7aebb0000 	C:\Program Files\Java\jdk-21\bin\javaw.exe
0x00007ff96cd70000 - 0x00007ff96cf87000 	C:\Windows\SYSTEM32\ntdll.dll
0x00007ff96b7b0000 - 0x00007ff96b874000 	C:\Windows\System32\KERNEL32.DLL
0x00007ff96a3e0000 - 0x00007ff96a78d000 	C:\Windows\System32\KERNELBASE.dll
0x00007ff96a900000 - 0x00007ff96aa11000 	C:\Windows\System32\ucrtbase.dll
0x00007ff948540000 - 0x00007ff948559000 	C:\Program Files\Java\jdk-21\bin\jli.dll
0x00007ff96bbb0000 - 0x00007ff96bc62000 	C:\Windows\System32\ADVAPI32.dll
0x00007ff940b00000 - 0x00007ff940b1b000 	C:\Program Files\Java\jdk-21\bin\VCRUNTIME140.dll
0x00007ff96cc80000 - 0x00007ff96cd27000 	C:\Windows\System32\msvcrt.dll
0x00007ff96ae10000 - 0x00007ff96aeb9000 	C:\Windows\System32\sechost.dll
0x00007ff96a090000 - 0x00007ff96a0b8000 	C:\Windows\System32\bcrypt.dll
0x00007ff96ba80000 - 0x00007ff96bb94000 	C:\Windows\System32\RPCRT4.dll
0x00007ff96c730000 - 0x00007ff96c8de000 	C:\Windows\System32\USER32.dll
0x00007ff96a310000 - 0x00007ff96a336000 	C:\Windows\System32\win32u.dll
0x00007ff96bde0000 - 0x00007ff96be09000 	C:\Windows\System32\GDI32.dll
0x00007ff96a0c0000 - 0x00007ff96a1d9000 	C:\Windows\System32\gdi32full.dll
0x00007ff96a340000 - 0x00007ff96a3da000 	C:\Windows\System32\msvcp_win.dll
0x00007ff94fd00000 - 0x00007ff94ff93000 	C:\Windows\WinSxS\amd64_microsoft.windows.common-controls_6595b64144ccf1df_6.0.22621.3672_none_2713b9d173822955\COMCTL32.dll
0x00007ff962480000 - 0x00007ff96248a000 	C:\Windows\SYSTEM32\VERSION.dll
0x00007ff96ab00000 - 0x00007ff96ab31000 	C:\Windows\System32\IMM32.DLL
0x00007ff940ca0000 - 0x00007ff940cac000 	C:\Program Files\Java\jdk-21\bin\vcruntime140_1.dll
0x00007ff90e040000 - 0x00007ff90e0ce000 	C:\Program Files\Java\jdk-21\bin\msvcp140.dll
0x00007ff909da0000 - 0x00007ff90aab3000 	C:\Program Files\Java\jdk-21\bin\server\jvm.dll
0x00007ff96c8e0000 - 0x00007ff96c951000 	C:\Windows\System32\WS2_32.dll
0x00007ff968f20000 - 0x00007ff968f6d000 	C:\Windows\SYSTEM32\POWRPROF.dll
0x00007ff963470000 - 0x00007ff9634a4000 	C:\Windows\SYSTEM32\WINMM.dll
0x00007ff968f00000 - 0x00007ff968f13000 	C:\Windows\SYSTEM32\UMPDC.dll
0x00007ff9691b0000 - 0x00007ff9691c8000 	C:\Windows\SYSTEM32\kernel.appcore.dll
0x00007ff9301c0000 - 0x00007ff9301ca000 	C:\Program Files\Java\jdk-21\bin\jimage.dll
0x00007ff967530000 - 0x00007ff967762000 	C:\Windows\SYSTEM32\DBGHELP.DLL
0x00007ff96c3a0000 - 0x00007ff96c72d000 	C:\Windows\System32\combase.dll
0x00007ff96cb80000 - 0x00007ff96cc57000 	C:\Windows\System32\OLEAUT32.dll
0x00007ff95aed0000 - 0x00007ff95af02000 	C:\Windows\SYSTEM32\dbgcore.DLL
0x00007ff96aa20000 - 0x00007ff96aa9b000 	C:\Windows\System32\bcryptPrimitives.dll
0x00007ff90f190000 - 0x00007ff90f1af000 	C:\Program Files\Java\jdk-21\bin\java.dll

dbghelp: loaded successfully - version: 4.0.5 - missing functions: none
symbol engine: initialized successfully - sym options: 0x614 - pdb path: .;C:\Program Files\Java\jdk-21\bin;C:\Windows\SYSTEM32;C:\Windows\WinSxS\amd64_microsoft.windows.common-controls_6595b64144ccf1df_6.0.22621.3672_none_2713b9d173822955;C:\Program Files\Java\jdk-21\bin\server

VM Arguments:
jvm_args: -Dfile.encoding=UTF-8 -Dstdout.encoding=UTF-8 -Dstderr.encoding=UTF-8 -XX:+ShowCodeDetailsInExceptionMessages 
java_command: bankManagementSystem.Transactions
java_class_path (initial): C:\Users\ajayp\eclipse-workspace\bank management system\bank management system\bin;C:\Users\ajayp\eclipse-workspace\bank management system\bank management system\lib\jcalendar-tz-1.3.3-4.jar;C:\Users\ajayp\eclipse-workspace\bank management system\bank management system\lib\mysql-connector-java-8.0.28.jar
Launcher Type: SUN_STANDARD

[Global flags]
     intx CICompilerCount                          = 12                                        {product} {ergonomic}
     uint ConcGCThreads                            = 3                                         {product} {ergonomic}
     uint G1ConcRefinementThreads                  = 13                                        {product} {ergonomic}
   size_t G1HeapRegionSize                         = 1048576                                   {product} {ergonomic}
    uintx GCDrainStackTargetSize                   = 64                                        {product} {ergonomic}
   size_t InitialHeapSize                          = 130023424                                 {product} {ergonomic}
   size_t MarkStackSize                            = 4194304                                   {product} {ergonomic}
   size_t MaxHeapSize                              = 2071986176                                {product} {ergonomic}
   size_t MinHeapDeltaBytes                        = 1048576                                   {product} {ergonomic}
   size_t MinHeapSize                              = 8388608                                   {product} {ergonomic}
    uintx NonNMethodCodeHeapSize                   = 7602480                                {pd product} {ergonomic}
    uintx NonProfiledCodeHeapSize                  = 122027880                              {pd product} {ergonomic}
    uintx ProfiledCodeHeapSize                     = 122027880                              {pd product} {ergonomic}
    uintx ReservedCodeCacheSize                    = 251658240                              {pd product} {ergonomic}
     bool SegmentedCodeCache                       = true                                      {product} {ergonomic}
     bool ShowCodeDetailsInExceptionMessages       = true                                   {manageable} {command line}
   size_t SoftMaxHeapSize                          = 2071986176                             {manageable} {ergonomic}
     bool UseCompressedOops                        = true                           {product lp64_product} {ergonomic}
     bool UseG1GC                                  = true                                      {product} {ergonomic}
     bool UseLargePagesIndividualAllocation        = false                                  {pd product} {ergonomic}

Logging:
Log output configuration:
 #0: stdout all=warning uptime,level,tags foldmultilines=false
 #1: stderr all=off uptime,level,tags foldmultilines=false

Environment Variables:
JAVA_HOME=C:\Program Files\Java\jdk-21
PATH=C:\Program Files\Common Files\Oracle\Java\javapath;C:\Windows\system32;C:\Windows;C:\Windows\System32\Wbem;C:\Windows\System32\WindowsPowerShell\v1.0\;C:\Windows\System32\OpenSSH\;C:\Program Files\Git\cmd;C:\Program Files\Java\jdk-21\bin;C:\Users\ajayp\AppData\Roaming\nvm;C:\Program Files\nodejs;C:\Users\ajayp\Downloads\apache-maven-3.9.6\bin;;C:\Program Files\Docker\Docker\resources\bin;C:\Program Files\nodejs\;C:\Program Files\MySQL\MySQL Shell 8.0\bin\;C:\Users\ajayp\AppData\Local\Programs\Python\Python311\Scripts\;C:\Users\ajayp\AppData\Local\Programs\Python\Python311\;C:\Users\ajayp\AppData\Local\Microsoft\WindowsApps;C:\Users\ajayp\AppData\Local\Programs\Microsoft VS Code\bin;C:\Program Files\JetBrains\IntelliJ IDEA Community Edition 2023.2.2\bin;;C:\Users\ajayp\AppData\Roaming\nvm;C:\Program Files\nodejs;C:\Users\ajayp\AppData\Roaming\npm;C:\Users\ajayp\AppData\Local\GitHubDesktop\bin
USERNAME=ajayp
OS=Windows_NT
PROCESSOR_IDENTIFIER=Intel64 Family 6 Model 154 Stepping 3, GenuineIntel
TMP=C:\Users\ajayp\AppData\Local\Temp
TEMP=C:\Users\ajayp\AppData\Local\Temp




---------------  S Y S T E M  ---------------

OS:
 Windows 11 , 64 bit Build 22621 (10.0.22621.3958)
OS uptime: 0 days 5:31 hours
Hyper-V role detected

CPU: total 16 (initial active 16) (8 cores per cpu, 2 threads per core) family 6 model 154 stepping 3 microcode 0x419, cx8, cmov, fxsr, ht, mmx, 3dnowpref, sse, sse2, sse3, ssse3, sse4.1, sse4.2, popcnt, lzcnt, tsc, tscinvbit, avx, avx2, aes, erms, clmul, bmi1, bmi2, adx, sha, fma, vzeroupper, clflush, clflushopt, clwb, hv, serialize, rdtscp, rdpid, fsrm, f16c, cet_ibt, cet_ss
Processor Information for processor 0
  Max Mhz: 1700, Current Mhz: 1700, Mhz Limit: 1700
Processor Information for processor 1
  Max Mhz: 1700, Current Mhz: 1457, Mhz Limit: 1700
Processor Information for processor 2
  Max Mhz: 1700, Current Mhz: 1700, Mhz Limit: 1700
Processor Information for processor 3
  Max Mhz: 1700, Current Mhz: 1457, Mhz Limit: 1700
Processor Information for processor 4
  Max Mhz: 1700, Current Mhz: 1700, Mhz Limit: 1700
Processor Information for processor 5
  Max Mhz: 1700, Current Mhz: 1700, Mhz Limit: 1700
Processor Information for processor 6
  Max Mhz: 1700, Current Mhz: 1700, Mhz Limit: 1700
Processor Information for processor 7
  Max Mhz: 1700, Current Mhz: 1700, Mhz Limit: 1700
Processor Information for processor 8
  Max Mhz: 1700, Current Mhz: 1200, Mhz Limit: 1190
Processor Information for processor 9
  Max Mhz: 1700, Current Mhz: 1200, Mhz Limit: 1190
Processor Information for processor 10
  Max Mhz: 1700, Current Mhz: 1200, Mhz Limit: 1190
Processor Information for processor 11
  Max Mhz: 1700, Current Mhz: 1200, Mhz Limit: 1190
Processor Information for processor 12
  Max Mhz: 1700, Current Mhz: 1200, Mhz Limit: 1190
Processor Information for processor 13
  Max Mhz: 1700, Current Mhz: 1200, Mhz Limit: 1190
Processor Information for processor 14
  Max Mhz: 1700, Current Mhz: 1200, Mhz Limit: 1190
Processor Information for processor 15
  Max Mhz: 1700, Current Mhz: 1200, Mhz Limit: 1190

Memory: 4k page, system-wide physical 7896M (398M free)
TotalPageFile size 32461M (AvailPageFile size 79M)
current process WorkingSet (physical memory assigned to process): 11M, peak: 11M
current process commit charge ("private bytes"): 71M, peak: 194M

vm_info: Java HotSpot(TM) 64-Bit Server VM (21+35-LTS-2513) for windows-amd64 JRE (21+35-LTS-2513), built on 2023-08-09T20:25:10Z by "mach5one" with MS VC++ 17.1 (VS2022)

END.
